<?xml version="1.0" encoding="UTF-8"?>
<beans xmlns="http://www.springframework.org/schema/beans"
       xmlns:xsi="http://www.w3.org/2001/XMLSchema-instance"
       xmlns:p="http://www.springframework.org/schema/p"
       xmlns:aop="http://www.springframework.org/schema/aop"
       xmlns:tx="http://www.springframework.org/schema/tx"
       xmlns:context="http://www.springframework.org/schema/context"
       xsi:schemaLocation= "http://www.springframework.org/schema/beans 
                            http://www.springframework.org/schema/beans/spring-beans-3.2.xsd
                            http://www.springframework.org/schema/aop 
                            http://www.springframework.org/schema/aop/spring-aop-3.2.xsd
                            http://www.springframework.org/schema/tx 
                            http://www.springframework.org/schema/tx/spring-tx-3.2.xsd
                            http://www.springframework.org/schema/context
                            http://www.springframework.org/schema/context/spring-context-3.2.xsd    
                            ">
    <!--bean id="propertyConfigurer"
          class="org.springframework.beans.factory.config.PropertyPlaceholderConfigurer"
          p:location="/WEB-INF/jdbc.properties" />

<bean id="dataSource"
    class="org.springframework.jdbc.datasource.DriverManagerDataSource"
    p:driverClassName="${jdbc.driverClassName}"
    p:url="${jdbc.url}"
    p:username="${jdbc.username}"
    p:password="${jdbc.password}" /> -->

    <!-- ADD PERSISTENCE SUPPORT HERE (jpa, hibernate, etc) -->
    
    <!-- 扫描注解所在的包 -->
    <context:component-scan base-package="com.jhhc.baseframework.record"/>
    
    <!-- 配置数据源 -->
    <bean id="propertyConfigurer"
          class="org.springframework.beans.factory.config.PropertyPlaceholderConfigurer"
          p:location="jdbc_test.properties" />
    
    <bean id="dataSource"
          class="org.apache.commons.dbcp2.BasicDataSource"
          p:driverClassName="${driver}"
          p:url="${url}"
          p:username="${name}"
          p:password="${passwd}" /> 
    
    <!-- 配置一个spring JdbcTemplate -->
    <bean id="jdbcTemplate"
          class="org.springframework.jdbc.core.JdbcTemplate" abstract="false"
          lazy-init="false" autowire="default">
        <property name="dataSource">
            <ref bean="dataSource" />
        </property>
    </bean>
</beans>
